<?xml version="1.0" encoding="UTF-8"?>
<!-- Generated by org.testng.reporters.JUnitXMLReporter -->
<testsuite ignored="0" hostname="IQZCBELT059" failures="0" tests="2" name="TestingChrome" time="0.111" errors="0" timestamp="2021-11-22T19:05:35 IST">
  <testcase classname="Pega_Login.Login_Pega" name="@BeforeTest setup" time="-1.637588135765E9">
    <failure type="org.testng.TestNGException" message="
Parameter &amp;apos;browserName&amp;apos; is required by BeforeTest on method setup but has not been marked @Optional or defined
in C:\Users\sugandharaj.c\eclipse-workspace\Pega_Project\testng.xml">
      <![CDATA[org.testng.TestNGException: 
Parameter 'browserName' is required by BeforeTest on method setup but has not been marked @Optional or defined
in C:\Users\sugandharaj.c\eclipse-workspace\Pega_Project\testng.xml
at java.base/java.util.concurrent.FutureTask.run(FutureTask.java:264)
at java.base/java.util.concurrent.ThreadPoolExecutor.runWorker(ThreadPoolExecutor.java:1130)
at java.base/java.util.concurrent.ThreadPoolExecutor$Worker.run(ThreadPoolExecutor.java:630)
at java.base/java.lang.Thread.run(Thread.java:832)
... Removed 12 stack frames]]>
    </failure>
  </testcase> <!-- @BeforeTest setup -->
  <testcase classname="Pega_Login.Login_Pega" name="@AfterTest finish" time="-1.637588135859E9">
    <skipped/>
  </testcase> <!-- @AfterTest finish -->
  <testcase classname="Pega_Login.Login_Pega" name="testGoogle" time="0.0">
    <skipped/>
  </testcase> <!-- testGoogle -->
  <testcase classname="Pega_Login.Login_Pega" name="testYahoo" time="0.0">
    <skipped/>
  </testcase> <!-- testYahoo -->
</testsuite> <!-- TestingChrome -->
